Error[105]   C:\USERS\USER\DESKTOP\FINAL PROJECT\FINAL PROJECT.ASM 1 : Cannot open file (Include File "Servo.h" not found)
Error[105]   C:\USERS\USER\DESKTOP\FINAL PROJECT\FINAL PROJECT.ASM 2 : Cannot open file (Include File "IRremote.h" not found)
Error[108]   C:\USERS\USER\DESKTOP\FINAL PROJECT\FINAL PROJECT.ASM 3 : Illegal character (/)
Error[122]   C:\USERS\USER\DESKTOP\FINAL PROJECT\FINAL PROJECT.ASM 5 : Illegal opcode (receive)
Error[122]   C:\USERS\USER\DESKTOP\FINAL PROJECT\FINAL PROJECT.ASM 6 : Illegal opcode (irrecv)
Error[122]   C:\USERS\USER\DESKTOP\FINAL PROJECT\FINAL PROJECT.ASM 7 : Illegal opcode (results)
Error[122]   C:\USERS\USER\DESKTOP\FINAL PROJECT\FINAL PROJECT.ASM 9 : Illegal opcode (int)
Error[122]   C:\USERS\USER\DESKTOP\FINAL PROJECT\FINAL PROJECT.ASM 10 : Illegal opcode (int)
Error[122]   C:\USERS\USER\DESKTOP\FINAL PROJECT\FINAL PROJECT.ASM 11 : Illegal opcode (int)
Error[122]   C:\USERS\USER\DESKTOP\FINAL PROJECT\FINAL PROJECT.ASM 13 : Illegal opcode (motor)
Error[122]   C:\USERS\USER\DESKTOP\FINAL PROJECT\FINAL PROJECT.ASM 16 : Illegal opcode (setup)
Warning[207] C:\USERS\USER\DESKTOP\FINAL PROJECT\FINAL PROJECT.ASM 17 : Found label after column 1. (Serial.begin)
Error[108]   C:\USERS\USER\DESKTOP\FINAL PROJECT\FINAL PROJECT.ASM 17 : Illegal character (()
Warning[207] C:\USERS\USER\DESKTOP\FINAL PROJECT\FINAL PROJECT.ASM 18 : Found label after column 1. (irrecv.enableIRIn)
Error[108]   C:\USERS\USER\DESKTOP\FINAL PROJECT\FINAL PROJECT.ASM 18 : Illegal character (()
Warning[207] C:\USERS\USER\DESKTOP\FINAL PROJECT\FINAL PROJECT.ASM 19 : Found label after column 1. (pinMode)
Error[108]   C:\USERS\USER\DESKTOP\FINAL PROJECT\FINAL PROJECT.ASM 19 : Illegal character (()
Warning[207] C:\USERS\USER\DESKTOP\FINAL PROJECT\FINAL PROJECT.ASM 20 : Found label after column 1. (pinMode)
Error[108]   C:\USERS\USER\DESKTOP\FINAL PROJECT\FINAL PROJECT.ASM 20 : Illegal character (()
Warning[207] C:\USERS\USER\DESKTOP\FINAL PROJECT\FINAL PROJECT.ASM 21 : Found label after column 1. (pinMode)
Error[108]   C:\USERS\USER\DESKTOP\FINAL PROJECT\FINAL PROJECT.ASM 21 : Illegal character (()
Warning[207] C:\USERS\USER\DESKTOP\FINAL PROJECT\FINAL PROJECT.ASM 22 : Found label after column 1. (motor.attach)
Error[108]   C:\USERS\USER\DESKTOP\FINAL PROJECT\FINAL PROJECT.ASM 22 : Illegal character (()
Error[108]   C:\USERS\USER\DESKTOP\FINAL PROJECT\FINAL PROJECT.ASM 23 : Illegal character (})
Error[122]   C:\USERS\USER\DESKTOP\FINAL PROJECT\FINAL PROJECT.ASM 25 : Illegal opcode (loop)
Error[113]   C:\USERS\USER\DESKTOP\FINAL PROJECT\FINAL PROJECT.ASM 26 : Symbol not previously defined (irrecv.decode)
Error[128]   C:\USERS\USER\DESKTOP\FINAL PROJECT\FINAL PROJECT.ASM 26 : Missing argument(s)
Error[113]   C:\USERS\USER\DESKTOP\FINAL PROJECT\FINAL PROJECT.ASM 26 : Symbol not previously defined (results)
Error[124]   C:\USERS\USER\DESKTOP\FINAL PROJECT\FINAL PROJECT.ASM 26 : Illegal argument
Error[108]   C:\USERS\USER\DESKTOP\FINAL PROJECT\FINAL PROJECT.ASM 26 : Illegal character ({)
